{"uid":"566db1d54d233abb","name":"validSignUpTest","fullName":"com.aswesomeQA.test.SignUpTest.validSignUpTest","historyId":"c4177146a96f83456f23bafa3281bacf","time":{"start":1770204635422,"stop":1770204635427,"duration":5},"status":"broken","statusMessage":"\n[public void com.aswesomeQA.test.SignUpTest.validSignUpTest(java.lang.String,java.lang.String,java.lang.String,java.lang.String,java.lang.String)] has no parameters defined but was found to be using a data provider (either explicitly specified or inherited from class level annotation).\nData provider mismatch\nMethod: validSignUpTest([java.lang.String arg0, java.lang.String arg1, java.lang.String arg2, java.lang.String arg3, java.lang.String arg4])\nArguments: [(java.lang.String) TC_13,(java.lang.String) Rahul Sharma,(java.lang.String) rahul01_new@test.com,(java.lang.String) SUCCESS]","statusTrace":"org.testng.internal.reflect.MethodMatcherException: \n[public void com.aswesomeQA.test.SignUpTest.validSignUpTest(java.lang.String,java.lang.String,java.lang.String,java.lang.String,java.lang.String)] has no parameters defined but was found to be using a data provider (either explicitly specified or inherited from class level annotation).\nData provider mismatch\nMethod: validSignUpTest([java.lang.String arg0, java.lang.String arg1, java.lang.String arg2, java.lang.String arg3, java.lang.String arg4])\nArguments: [(java.lang.String) TC_13,(java.lang.String) Rahul Sharma,(java.lang.String) rahul01_new@test.com,(java.lang.String) SUCCESS]\r\n\tat org.testng.internal.reflect.DataProviderMethodMatcher.getConformingArguments(DataProviderMethodMatcher.java:46)\r\n\tat org.testng.internal.Parameters.injectParameters(Parameters.java:909)\r\n\tat org.testng.internal.invokers.MethodRunner.runInSequence(MethodRunner.java:37)\r\n\tat org.testng.internal.invokers.TestInvoker$MethodInvocationAgent.invoke(TestInvoker.java:957)\r\n\tat org.testng.internal.invokers.TestInvoker.invokeTestMethods(TestInvoker.java:200)\r\n\tat org.testng.internal.invokers.TestMethodWorker.invokeTestMethods(TestMethodWorker.java:148)\r\n\tat org.testng.internal.invokers.TestMethodWorker.run(TestMethodWorker.java:128)\r\n\tat java.base/java.util.ArrayList.forEach(ArrayList.java:1604)\r\n\tat org.testng.TestRunner.privateRun(TestRunner.java:848)\r\n\tat org.testng.TestRunner.run(TestRunner.java:621)\r\n\tat org.testng.SuiteRunner.runTest(SuiteRunner.java:443)\r\n\tat org.testng.SuiteRunner.runSequentially(SuiteRunner.java:437)\r\n\tat org.testng.SuiteRunner.privateRun(SuiteRunner.java:397)\r\n\tat org.testng.SuiteRunner.run(SuiteRunner.java:336)\r\n\tat org.testng.SuiteRunnerWorker.runSuite(SuiteRunnerWorker.java:52)\r\n\tat org.testng.SuiteRunnerWorker.run(SuiteRunnerWorker.java:95)\r\n\tat org.testng.TestNG.runSuitesSequentially(TestNG.java:1280)\r\n\tat org.testng.TestNG.runSuitesLocally(TestNG.java:1200)\r\n\tat org.testng.TestNG.runSuites(TestNG.java:1114)\r\n\tat org.testng.TestNG.run(TestNG.java:1082)\r\n\tat com.intellij.rt.testng.IDEARemoteTestNG.run(IDEARemoteTestNG.java:65)\r\n\tat com.intellij.rt.testng.RemoteTestNGStarter.main(RemoteTestNGStarter.java:105)\r\n","flaky":false,"newFailed":false,"newBroken":false,"newPassed":false,"retriesCount":10,"retriesStatusChange":true,"beforeStages":[],"afterStages":[],"labels":[{"name":"package","value":"com.aswesomeQA.test.SignUpTest"},{"name":"testClass","value":"com.aswesomeQA.test.SignUpTest"},{"name":"testMethod","value":"validSignUpTest"},{"name":"parentSuite","value":"Default Suite"},{"name":"suite","value":"AwesomeQA"},{"name":"subSuite","value":"com.aswesomeQA.test.SignUpTest"},{"name":"host","value":"Hamid"},{"name":"thread","value":"17092@Hamid.main(3)"},{"name":"framework","value":"testng"},{"name":"language","value":"java"},{"name":"resultFormat","value":"allure2"}],"parameters":[],"links":[],"hidden":false,"retry":false,"extra":{"severity":"normal","retries":[{"uid":"32efc6df068c6136","status":"broken","statusDetails":"\n[public void com.aswesomeQA.test.SignUpTest.validSignUpTest(java.lang.String,java.lang.String,java.lang.String,java.lang.String,java.lang.String)] has no parameters defined but was found to be using a data provider (either explicitly specified or inherited from class level annotation).\nData provider mismatch\nMethod: validSignUpTest([java.lang.String arg0, java.lang.String arg1, java.lang.String arg2, java.lang.String arg3, java.lang.String arg4])\nArguments: [(java.lang.String) TC_13,(java.lang.String) Rahul Sharma,(java.lang.String) rahul01_new@test.com,(java.lang.String) SUCCESS]","time":{"start":1770204338472,"stop":1770204338474,"duration":2}},{"uid":"6407b53b2be79d44","status":"broken","statusDetails":"\n[public void com.aswesomeQA.test.SignUpTest.validSignUpTest(java.lang.String,java.lang.String,java.lang.String,java.lang.String,java.lang.String)] has no parameters defined but was found to be using a data provider (either explicitly specified or inherited from class level annotation).\nData provider mismatch\nMethod: validSignUpTest([java.lang.String arg0, java.lang.String arg1, java.lang.String arg2, java.lang.String arg3, java.lang.String arg4])\nArguments: [(java.lang.String) TC_13,(java.lang.String) Rahul Sharma,(java.lang.String) rahul01_new@test.com,(java.lang.String) SUCCESS]","time":{"start":1770202094524,"stop":1770202094528,"duration":4}},{"uid":"2489eceb0e075715","status":"broken","statusDetails":"java.lang.NullPointerException: Cannot invoke \"org.apache.poi.ss.usermodel.Cell.toString()\" because the return value of \"org.apache.poi.ss.usermodel.Row.getCell(int)\" is null","time":{"start":1770186917119,"stop":1770186917119,"duration":0}},{"uid":"b7f6f630d562bcdb","status":"passed","time":{"start":1770111608556,"stop":1770111614252,"duration":5696}},{"uid":"dd168f123f66a077","status":"failed","statusDetails":"Signup page message did NOT match! expected [Enter Account Information] but found [ENTER ACCOUNT INFORMATION]","time":{"start":1770111254784,"stop":1770111263191,"duration":8407}},{"uid":"6433ac10c32050ee","status":"failed","statusDetails":"Signup failed for valid user expected [true] but found [false]","time":{"start":1770109725791,"stop":1770109730020,"duration":4229}},{"uid":"6a1788ea1c39a054","status":"broken","statusDetails":"Expected condition failed: waiting for element found by By.xpath: //button[text()='SignUp'] to be clickable, but the element was not found: org.openqa.selenium.NoSuchElementException: no such element: Unable to locate element: {\"method\":\"xpath\",\"selector\":\"//button[text()='SignUp']\"}.\r\n(tried for 10 seconds with 500 milliseconds interval)\nBuild info: version: '4.40.0', revision: 'b3333f1'\nSystem info: os.name: 'Windows 11', os.arch: 'amd64', os.version: '10.0', java.version: '24.0.1'\nDriver info: org.openqa.selenium.edge.EdgeDriver\nCapabilities {acceptInsecureCerts: false, browserName: MicrosoftEdge, browserVersion: 144.0.3719.104, fedcm:accounts: true, goog:processID: 28276, ms:edgeOptions: {debuggerAddress: localhost:58808}, msedge: {msedgedriverVersion: 144.0.3719.104 (7d1be999663..., userDataDir: C:\\Users\\hamid\\AppData\\Loca...}, networkConnectionEnabled: false, pageLoadStrategy: normal, platformName: windows, proxy: Proxy(), se:cdp: ws://localhost:58808/devtoo..., se:cdpVersion: 144.0.3719.104, setWindowRect: true, strictFileInteractability: false, timeouts: {implicit: 0, pageLoad: 300000, script: 30000}, unhandledPromptBehavior: dismiss and notify, webauthn:extension:credBlob: true, webauthn:extension:largeBlob: true, webauthn:extension:minPinLength: true, webauthn:extension:prf: true, webauthn:virtualAuthenticators: true}\nSession ID: b7b02a778548c3739bcf57369981e80a","time":{"start":1770109390419,"stop":1770109403219,"duration":12800}},{"uid":"cf79b1151cf0afce","status":"broken","statusDetails":"invalid session id: session deleted as the browser has closed the connection\nfrom disconnected: not connected to DevTools\n  (Session info: MicrosoftEdge=144.0.3719.104)\nBuild info: version: '4.40.0', revision: 'b3333f1'\nSystem info: os.name: 'Windows 11', os.arch: 'amd64', os.version: '10.0', java.version: '24.0.1'\nDriver info: org.openqa.selenium.edge.EdgeDriver\nCommand: [de85aececdba5c87d3886e69d58fe1b8, findElement {using=xpath, value=//button[text()='SignUpUrl']}]\nCapabilities {acceptInsecureCerts: false, browserName: MicrosoftEdge, browserVersion: 144.0.3719.104, fedcm:accounts: true, goog:processID: 20500, ms:edgeOptions: {debuggerAddress: localhost:54161}, msedge: {msedgedriverVersion: 144.0.3719.104 (7d1be999663..., userDataDir: C:\\Users\\hamid\\AppData\\Loca...}, networkConnectionEnabled: false, pageLoadStrategy: normal, platformName: windows, proxy: Proxy(), se:cdp: ws://localhost:54161/devtoo..., se:cdpVersion: 144.0.3719.104, setWindowRect: true, strictFileInteractability: false, timeouts: {implicit: 0, pageLoad: 300000, script: 30000}, unhandledPromptBehavior: dismiss and notify, webauthn:extension:credBlob: true, webauthn:extension:largeBlob: true, webauthn:extension:minPinLength: true, webauthn:extension:prf: true, webauthn:virtualAuthenticators: true}\nSession ID: de85aececdba5c87d3886e69d58fe1b8","time":{"start":1770109278491,"stop":1770109300614,"duration":22123}},{"uid":"4076461f96e171a5","status":"broken","statusDetails":"Expected condition failed: waiting for element found by By.xpath: //button[text()='SignUpUrl'] to be clickable, but the element was not found: org.openqa.selenium.NoSuchElementException: no such element: Unable to locate element: {\"method\":\"xpath\",\"selector\":\"//button[text()='SignUpUrl']\"}.\r\n(tried for 10 seconds with 500 milliseconds interval)\nBuild info: version: '4.40.0', revision: 'b3333f1'\nSystem info: os.name: 'Windows 11', os.arch: 'amd64', os.version: '10.0', java.version: '24.0.1'\nDriver info: org.openqa.selenium.edge.EdgeDriver\nCapabilities {acceptInsecureCerts: false, browserName: MicrosoftEdge, browserVersion: 144.0.3719.104, fedcm:accounts: true, goog:processID: 32484, ms:edgeOptions: {debuggerAddress: localhost:57591}, msedge: {msedgedriverVersion: 144.0.3719.104 (7d1be999663..., userDataDir: C:\\Users\\hamid\\AppData\\Loca...}, networkConnectionEnabled: false, pageLoadStrategy: normal, platformName: windows, proxy: Proxy(), se:cdp: ws://localhost:57591/devtoo..., se:cdpVersion: 144.0.3719.104, setWindowRect: true, strictFileInteractability: false, timeouts: {implicit: 0, pageLoad: 300000, script: 30000}, unhandledPromptBehavior: dismiss and notify, webauthn:extension:credBlob: true, webauthn:extension:largeBlob: true, webauthn:extension:minPinLength: true, webauthn:extension:prf: true, webauthn:virtualAuthenticators: true}\nSession ID: 53db0c96dcf7ddeb99efe4ae247af4d9","time":{"start":1770109242238,"stop":1770109260725,"duration":18487}},{"uid":"29ac0cc8c51d52af","status":"broken","statusDetails":"Expected condition failed: waiting for visibility of element found by By.xpath: //input[@name='name'], but... org.openqa.selenium.NoSuchElementException: no such element: Unable to locate element: {\"method\":\"xpath\",\"selector\":\"//input[@name='name']\"}.\r\n(tried for 10 seconds with 500 milliseconds interval)\nBuild info: version: '4.40.0', revision: 'b3333f1'\nSystem info: os.name: 'Windows 11', os.arch: 'amd64', os.version: '10.0', java.version: '24.0.1'\nDriver info: org.openqa.selenium.edge.EdgeDriver\nCapabilities {acceptInsecureCerts: false, browserName: MicrosoftEdge, browserVersion: 144.0.3719.104, fedcm:accounts: true, goog:processID: 27188, ms:edgeOptions: {debuggerAddress: localhost:64399}, msedge: {msedgedriverVersion: 144.0.3719.104 (7d1be999663..., userDataDir: C:\\Users\\hamid\\AppData\\Loca...}, networkConnectionEnabled: false, pageLoadStrategy: normal, platformName: windows, proxy: Proxy(), se:cdp: ws://localhost:64399/devtoo..., se:cdpVersion: 144.0.3719.104, setWindowRect: true, strictFileInteractability: false, timeouts: {implicit: 0, pageLoad: 300000, script: 30000}, unhandledPromptBehavior: dismiss and notify, webauthn:extension:credBlob: true, webauthn:extension:largeBlob: true, webauthn:extension:minPinLength: true, webauthn:extension:prf: true, webauthn:virtualAuthenticators: true}\nSession ID: b30f7e7f5cf2e5d33f450d5b140d6cc1","time":{"start":1770109147628,"stop":1770109162957,"duration":15329}}],"categories":[{"name":"Test defects","matchedStatuses":[]}],"tags":[]},"source":"566db1d54d233abb.json","parameterValues":[]}